<?xml version="1.0" encoding="UTF-8"?>
<!-- Generated by org.testng.reporters.JUnitReportReporter -->
<testsuite hostname="Shahin_Ahmed" failures="0" tests="1" name="com.inetbanking.testCases.TC_001_Verify_User_Can_Login_To_Bank_Application" time="1.454" errors="0" timestamp="2024-05-11T15:56:54 EDT" skipped="0">
  <testcase classname="com.inetbanking.testCases.TC_001_Verify_User_Can_Login_To_Bank_Application" name="LoginTest" time="1.454"/>
</testsuite> <!-- com.inetbanking.testCases.TC_001_Verify_User_Can_Login_To_Bank_Application -->
