<?xml version="1.0" encoding="UTF-8"?>
<!-- Generated by org.testng.reporters.JUnitReportReporter -->
<testsuite hostname="Shahin_Ahmed" failures="0" tests="1" name="com.inetbanking.testCases.TC_001_Add_New_Customer" time="1.495" errors="0" timestamp="2024-05-15T16:34:36 EDT" skipped="0">
  <testcase classname="com.inetbanking.testCases.TC_001_Add_New_Customer" name="addNewCustomer" time="1.495"/>
</testsuite> <!-- com.inetbanking.testCases.TC_001_Add_New_Customer -->
