<?xml version="1.0" encoding="UTF-8"?>
<!-- Generated by org.testng.reporters.JUnitReportReporter -->
<testsuite hostname="Shahin_Ahmed" failures="0" tests="1" name="com.inetbanking.testCases.TC_001_LoginPage" time="1.513" errors="0" timestamp="2024-05-11T16:15:19 EDT" skipped="0">
  <testcase classname="com.inetbanking.testCases.TC_001_LoginPage" name="LoginPage" time="1.513"/>
</testsuite> <!-- com.inetbanking.testCases.TC_001_LoginPage -->
