<?xml version="1.0" encoding="UTF-8"?>
<!-- Generated by org.testng.reporters.JUnitReportReporter -->
<testsuite hostname="Shahin_Ahmed" failures="0" tests="1" name="com.inetbanking.testCases.TC_003_Add_New_Customer" time="1.467" errors="0" timestamp="2024-05-15T17:05:24 EDT" skipped="0">
  <testcase classname="com.inetbanking.testCases.TC_003_Add_New_Customer" name="addNewCustomer" time="1.467"/>
</testsuite> <!-- com.inetbanking.testCases.TC_003_Add_New_Customer -->
